<?xml version="1.0" encoding="UTF-8"?>
<testsuite xmlns:xsi="http://www.w3.org/2001/XMLSchema-instance" xsi:noNamespaceSchemaLocation="https://maven.apache.org/surefire/maven-surefire-plugin/xsd/surefire-test-report-3.0.xsd" version="3.0" name="com.devdensan.mercadona.ProductModelAppTests" time="5.028" tests="3" errors="0" skipped="0" failures="0">
  <properties>
[...]
</properties>
  <testcase name="shouldCreateCategory" classname="com.devdensan.mercadona.ProductModelAppTests" time="0.703">
    <system-out><![CDATA[13:34:06.591 [main] INFO org.springframework.test.context.support.AnnotationConfigContextLoaderUtils -- Could not detect default configuration classes for test class [com.devdensan.mercadona.ProductModelAppTests]: ProductModelAppTests does not declare any static, non-private, non-final, nested classes annotated with @Configuration.
13:34:06.674 [main] INFO org.springframework.boot.test.context.SpringBootTestContextBootstrapper -- Found @SpringBootConfiguration com.devdensan.mercadona.MercadonaApplication for test class com.devdensan.mercadona.ProductModelAppTests

  .   ____          _            __ _ _
 /\\ / ___'_ __ _ _(_)_ __  __ _ \ \ \ \
( ( )\___ | '_ | '_| | '_ \/ _` | \ \ \ \
 \\/  ___)| |_)| | | | | || (_| |  ) ) ) )
  '  |____| .__|_| |_|_| |_\__, | / / / /
 =========|_|==============|___/=/_/_/_/
 :: Spring Boot ::                (v3.1.5)

2023-11-01T13:34:07.036-04:00  INFO 14932 --- [           main] c.d.mercadona.ProductModelAppTests       : Starting ProductModelAppTests using Java 21.0.1 with PID 14932 (started by Dennis in D:\Studi\26.proj-mercadona\project\02\mercadona)
2023-11-01T13:34:07.037-04:00  INFO 14932 --- [           main] c.d.mercadona.ProductModelAppTests       : No active profile set, falling back to 1 default profile: "default"
2023-11-01T13:34:07.669-04:00  INFO 14932 --- [           main] .s.d.r.c.RepositoryConfigurationDelegate : Bootstrapping Spring Data JPA repositories in DEFAULT mode.
2023-11-01T13:34:07.723-04:00  INFO 14932 --- [           main] .s.d.r.c.RepositoryConfigurationDelegate : Finished Spring Data repository scanning in 47 ms. Found 2 JPA repository interfaces.
2023-11-01T13:34:08.145-04:00  INFO 14932 --- [           main] o.hibernate.jpa.internal.util.LogHelper  : HHH000204: Processing PersistenceUnitInfo [name: default]
2023-11-01T13:34:08.208-04:00  INFO 14932 --- [           main] org.hibernate.Version                    : HHH000412: Hibernate ORM core version 6.2.13.Final
2023-11-01T13:34:08.210-04:00  INFO 14932 --- [           main] org.hibernate.cfg.Environment            : HHH000406: Using bytecode reflection optimizer
2023-11-01T13:34:08.471-04:00  INFO 14932 --- [           main] o.s.o.j.p.SpringPersistenceUnitInfo      : No LoadTimeWeaver setup: ignoring JPA class transformer
2023-11-01T13:34:08.498-04:00  INFO 14932 --- [           main] com.zaxxer.hikari.HikariDataSource       : HikariPool-1 - Starting...
2023-11-01T13:34:08.732-04:00  INFO 14932 --- [           main] com.zaxxer.hikari.pool.HikariPool        : HikariPool-1 - Added connection org.postgresql.jdbc.PgConnection@677349fb
2023-11-01T13:34:08.733-04:00  INFO 14932 --- [           main] com.zaxxer.hikari.HikariDataSource       : HikariPool-1 - Start completed.
2023-11-01T13:34:08.769-04:00  WARN 14932 --- [           main] org.hibernate.orm.deprecation            : HHH90000025: PostgreSQLDialect does not need to be specified explicitly using 'hibernate.dialect' (remove the property setting and it will be selected by default)
2023-11-01T13:34:09.542-04:00  INFO 14932 --- [           main] o.h.e.t.j.p.i.JtaPlatformInitiator       : HHH000489: No JTA platform available (set 'hibernate.transaction.jta.platform' to enable JTA platform integration)
Hibernate: 
    alter table if exists products 
       drop constraint if exists FKog2rp4qthbtt2lfyhfo32lsw9
2023-11-01T13:34:09.557-04:00  WARN 14932 --- [           main] o.h.engine.jdbc.spi.SqlExceptionHelper   : SQL Warning Code: 0, SQLState: 00000
2023-11-01T13:34:09.557-04:00  WARN 14932 --- [           main] o.h.engine.jdbc.spi.SqlExceptionHelper   : la relation « products » n'existe pas, poursuite du traitement
Hibernate: 
    alter table if exists products 
       drop constraint if exists FK58vr973hp8g47ful3ukryaeff
2023-11-01T13:34:09.558-04:00  WARN 14932 --- [           main] o.h.engine.jdbc.spi.SqlExceptionHelper   : SQL Warning Code: 0, SQLState: 00000
2023-11-01T13:34:09.558-04:00  WARN 14932 --- [           main] o.h.engine.jdbc.spi.SqlExceptionHelper   : la relation « products » n'existe pas, poursuite du traitement
Hibernate: 
    drop table if exists categories cascade
2023-11-01T13:34:09.559-04:00  WARN 14932 --- [           main] o.h.engine.jdbc.spi.SqlExceptionHelper   : SQL Warning Code: 0, SQLState: 00000
2023-11-01T13:34:09.559-04:00  WARN 14932 --- [           main] o.h.engine.jdbc.spi.SqlExceptionHelper   : la table « categories » n'existe pas, poursuite du traitement
Hibernate: 
    drop table if exists products cascade
2023-11-01T13:34:09.559-04:00  WARN 14932 --- [           main] o.h.engine.jdbc.spi.SqlExceptionHelper   : SQL Warning Code: 0, SQLState: 00000
2023-11-01T13:34:09.559-04:00  WARN 14932 --- [           main] o.h.engine.jdbc.spi.SqlExceptionHelper   : la table « products » n'existe pas, poursuite du traitement
Hibernate: 
    drop table if exists promotions cascade
2023-11-01T13:34:09.560-04:00  WARN 14932 --- [           main] o.h.engine.jdbc.spi.SqlExceptionHelper   : SQL Warning Code: 0, SQLState: 00000
2023-11-01T13:34:09.560-04:00  WARN 14932 --- [           main] o.h.engine.jdbc.spi.SqlExceptionHelper   : la table « promotions » n'existe pas, poursuite du traitement
Hibernate: 
    create table categories (
        category_id serial not null,
        category_name varchar(255),
        primary key (category_id)
    )
Hibernate: 
    create table products (
        category_id integer,
        price float4,
        product_id serial not null,
        promotion_id integer unique,
        description varchar(255),
        image varchar(255),
        product_name varchar(255),
        primary key (product_id)
    )
Hibernate: 
    create table promotions (
        discount_percentage integer,
        end_date date,
        promotion_id serial not null,
        start_date date,
        primary key (promotion_id)
    )
Hibernate: 
    alter table if exists products 
       add constraint FKog2rp4qthbtt2lfyhfo32lsw9 
       foreign key (category_id) 
       references categories
Hibernate: 
    alter table if exists products 
       add constraint FK58vr973hp8g47ful3ukryaeff 
       foreign key (promotion_id) 
       references promotions
2023-11-01T13:34:09.592-04:00  INFO 14932 --- [           main] j.LocalContainerEntityManagerFactoryBean : Initialized JPA EntityManagerFactory for persistence unit 'default'
2023-11-01T13:34:10.125-04:00  WARN 14932 --- [           main] JpaBaseConfiguration$JpaWebConfiguration : spring.jpa.open-in-view is enabled by default. Therefore, database queries may be performed during view rendering. Explicitly configure spring.jpa.open-in-view to disable this warning
2023-11-01T13:34:10.585-04:00  INFO 14932 --- [           main] c.d.mercadona.ProductModelAppTests       : Started ProductModelAppTests in 3.794 seconds (process running for 6.725)
Hibernate: 
    insert 
    into
        categories
        (category_name) 
    values
        (?)
Hibernate: 
    insert 
    into
        categories
        (category_name) 
    values
        (?)
Hibernate: 
    insert 
    into
        products
        (category_id,description,image,price,product_name,promotion_id) 
    values
        (?,?,?,?,?,?)
Hibernate: 
    insert 
    into
        products
        (category_id,description,image,price,product_name,promotion_id) 
    values
        (?,?,?,?,?,?)
Hibernate: 
    insert 
    into
        products
        (category_id,description,image,price,product_name,promotion_id) 
    values
        (?,?,?,?,?,?)
Hibernate: 
    insert 
    into
        products
        (category_id,description,image,price,product_name,promotion_id) 
    values
        (?,?,?,?,?,?)
Hibernate: 
    insert 
    into
        products
        (category_id,description,image,price,product_name,promotion_id) 
    values
        (?,?,?,?,?,?)
Hibernate: 
    insert 
    into
        products
        (category_id,description,image,price,product_name,promotion_id) 
    values
        (?,?,?,?,?,?)
]]></system-out>
    <system-err><![CDATA[WARNING: A Java agent has been loaded dynamically (C:\Users\Dennis\.m2\repository\net\bytebuddy\byte-buddy-agent\1.14.9\byte-buddy-agent-1.14.9.jar)
WARNING: If a serviceability tool is in use, please run with -XX:+EnableDynamicAgentLoading to hide this warning
WARNING: If a serviceability tool is not in use, please run with -Djdk.instrument.traceUsage for more information
WARNING: Dynamic loading of agents will be disallowed by default in a future release
]]></system-err>
  </testcase>
  <testcase name="shouldCreateProduct" classname="com.devdensan.mercadona.ProductModelAppTests" time="0.01"/>
  <testcase name="shouldCreatePromotion" classname="com.devdensan.mercadona.ProductModelAppTests" time="0.006"/>
</testsuite>